c:\d3directx12\gameprogramming\gameprogramming\x64\debug\vc143.pdb
c:\d3directx12\gameprogramming\gameprogramming\x64\debug\vc143.idb
c:\d3directx12\gameprogramming\gameprogramming\x64\debug\mathhelper.obj
c:\d3directx12\gameprogramming\gameprogramming\x64\debug\gametimer.obj
c:\d3directx12\gameprogramming\gameprogramming\x64\debug\geometrygenerator.obj
c:\d3directx12\gameprogramming\gameprogramming\x64\debug\ddstextureloader.obj
c:\d3directx12\gameprogramming\gameprogramming\x64\debug\d3dutil.obj
c:\d3directx12\gameprogramming\gameprogramming\x64\debug\d3dapp.obj
c:\d3directx12\gameprogramming\gameprogramming\x64\debug\camera.obj
c:\d3directx12\gameprogramming\gameprogramming\x64\debug\boxapp.obj
c:\d3directx12\gameprogramming\x64\debug\gameprogramming.exe
c:\d3directx12\gameprogramming\x64\debug\gameprogramming.pdb
c:\d3directx12\gameprogramming\gameprogramming\x64\debug\gameprogramming.ilk
c:\d3directx12\gameprogramming\gameprogramming\x64\debug\gameprogramming.tlog\cl.command.1.tlog
c:\d3directx12\gameprogramming\gameprogramming\x64\debug\gameprogramming.tlog\cl.items.tlog
c:\d3directx12\gameprogramming\gameprogramming\x64\debug\gameprogramming.tlog\cl.read.1.tlog
c:\d3directx12\gameprogramming\gameprogramming\x64\debug\gameprogramming.tlog\cl.write.1.tlog
c:\d3directx12\gameprogramming\gameprogramming\x64\debug\gameprogramming.tlog\link.26060.read.1.tlog
c:\d3directx12\gameprogramming\gameprogramming\x64\debug\gameprogramming.tlog\link.26060.read.2.tlog
c:\d3directx12\gameprogramming\gameprogramming\x64\debug\gameprogramming.tlog\link.26060.read.3.tlog
c:\d3directx12\gameprogramming\gameprogramming\x64\debug\gameprogramming.tlog\link.26060.read.4.tlog
c:\d3directx12\gameprogramming\gameprogramming\x64\debug\gameprogramming.tlog\link.26060.write.1.tlog
c:\d3directx12\gameprogramming\gameprogramming\x64\debug\gameprogramming.tlog\link.command.1.tlog
c:\d3directx12\gameprogramming\gameprogramming\x64\debug\gameprogramming.tlog\link.read.1.tlog
c:\d3directx12\gameprogramming\gameprogramming\x64\debug\gameprogramming.tlog\link.read.2.tlog
c:\d3directx12\gameprogramming\gameprogramming\x64\debug\gameprogramming.tlog\link.read.3.tlog
c:\d3directx12\gameprogramming\gameprogramming\x64\debug\gameprogramming.tlog\link.read.4.tlog
c:\d3directx12\gameprogramming\gameprogramming\x64\debug\gameprogramming.tlog\link.secondary.1.tlog
c:\d3directx12\gameprogramming\gameprogramming\x64\debug\gameprogramming.tlog\link.write.1.tlog
