d:\dev\programming_study\learning_direct3d\gamecoding\x64\debug\gamecoding.pch
d:\dev\programming_study\learning_direct3d\gamecoding\x64\debug\vc143.pdb
d:\dev\programming_study\learning_direct3d\gamecoding\x64\debug\vc143.idb
d:\dev\programming_study\learning_direct3d\gamecoding\x64\debug\pch.obj
d:\dev\programming_study\learning_direct3d\gamecoding\x64\debug\vertexdata.obj
d:\dev\programming_study\learning_direct3d\gamecoding\x64\debug\vertexbuffer.obj
d:\dev\programming_study\learning_direct3d\gamecoding\x64\debug\texture.obj
d:\dev\programming_study\learning_direct3d\gamecoding\x64\debug\simplemath.obj
d:\dev\programming_study\learning_direct3d\gamecoding\x64\debug\shader.obj
d:\dev\programming_study\learning_direct3d\gamecoding\x64\debug\samplerstate.obj
d:\dev\programming_study\learning_direct3d\gamecoding\x64\debug\rasterizerstate.obj
d:\dev\programming_study\learning_direct3d\gamecoding\x64\debug\pipeline.obj
d:\dev\programming_study\learning_direct3d\gamecoding\x64\debug\inputlayout.obj
d:\dev\programming_study\learning_direct3d\gamecoding\x64\debug\indexbuffer.obj
d:\dev\programming_study\learning_direct3d\gamecoding\x64\debug\graphics.obj
d:\dev\programming_study\learning_direct3d\gamecoding\x64\debug\gameobject.obj
d:\dev\programming_study\learning_direct3d\gamecoding\x64\debug\geometry.obj
d:\dev\programming_study\learning_direct3d\gamecoding\x64\debug\geomertyelper.obj
d:\dev\programming_study\learning_direct3d\gamecoding\x64\debug\gamecoding.obj
d:\dev\programming_study\learning_direct3d\gamecoding\x64\debug\game.obj
d:\dev\programming_study\learning_direct3d\gamecoding\x64\debug\constantbuffer.obj
d:\dev\programming_study\learning_direct3d\gamecoding\x64\debug\blendstate.obj
d:\dev\programming_study\learning_direct3d\binaries\texture.cso
d:\dev\programming_study\learning_direct3d\binaries\color.cso
d:\dev\programming_study\learning_direct3d\binaries\gamecoding.exe
d:\dev\programming_study\learning_direct3d\binaries\gamecoding.pdb
d:\dev\programming_study\learning_direct3d\gamecoding\x64\debug\gamecoding.res
d:\dev\programming_study\learning_direct3d\gamecoding\x64\debug\gamecoding.ilk
d:\dev\programming_study\learning_direct3d\gamecoding\x64\debug\gamecoding.tlog\cl.command.1.tlog
d:\dev\programming_study\learning_direct3d\gamecoding\x64\debug\gamecoding.tlog\cl.items.tlog
d:\dev\programming_study\learning_direct3d\gamecoding\x64\debug\gamecoding.tlog\cl.read.1.tlog
d:\dev\programming_study\learning_direct3d\gamecoding\x64\debug\gamecoding.tlog\cl.write.1.tlog
d:\dev\programming_study\learning_direct3d\gamecoding\x64\debug\gamecoding.tlog\fxc.command.1.tlog
d:\dev\programming_study\learning_direct3d\gamecoding\x64\debug\gamecoding.tlog\fxc.read.1.tlog
d:\dev\programming_study\learning_direct3d\gamecoding\x64\debug\gamecoding.tlog\fxc.write.1.tlog
d:\dev\programming_study\learning_direct3d\gamecoding\x64\debug\gamecoding.tlog\link.command.1.tlog
d:\dev\programming_study\learning_direct3d\gamecoding\x64\debug\gamecoding.tlog\link.read.1.tlog
d:\dev\programming_study\learning_direct3d\gamecoding\x64\debug\gamecoding.tlog\link.secondary.1.tlog
d:\dev\programming_study\learning_direct3d\gamecoding\x64\debug\gamecoding.tlog\link.write.1.tlog
d:\dev\programming_study\learning_direct3d\gamecoding\x64\debug\gamecoding.tlog\rc.command.1.tlog
d:\dev\programming_study\learning_direct3d\gamecoding\x64\debug\gamecoding.tlog\rc.read.1.tlog
d:\dev\programming_study\learning_direct3d\gamecoding\x64\debug\gamecoding.tlog\rc.write.1.tlog
